<?xml version="1.0" encoding="UTF-8"?>
<testng-results ignored="0" total="1" passed="1" failed="0" skipped="0">
  <reporter-output>
  </reporter-output>
  <suite started-at="2021-06-27T17:16:36 PDT" name="Default suite" finished-at="2021-06-27T17:16:45 PDT" duration-ms="9375">
    <groups>
    </groups>
    <test started-at="2021-06-27T17:16:36 PDT" name="Default test" finished-at="2021-06-27T17:16:45 PDT" duration-ms="9375">
      <class name="pageObjects1main.UpdateTestCases">
        <test-method signature="updatePage()[pri:0, instance:pageObjects1main.UpdateTestCases@436a4e4b]" started-at="2021-06-27T17:16:36 PDT" name="updatePage" finished-at="2021-06-27T17:16:45 PDT" duration-ms="9354" status="PASS">
          <reporter-output>
          </reporter-output>
        </test-method> <!-- updatePage -->
      </class> <!-- pageObjects1main.UpdateTestCases -->
    </test> <!-- Default test -->
  </suite> <!-- Default suite -->
</testng-results>
